[debug] [2024-06-24T19:17:39.895Z] ----------------------------------------------------------------------
[debug] [2024-06-24T19:17:39.903Z] Command:       /opt/homebrew/Cellar/node/22.1.0/bin/node /opt/homebrew/bin/firebase init
[debug] [2024-06-24T19:17:39.903Z] CLI Version:   13.11.4
[debug] [2024-06-24T19:17:39.903Z] Platform:      darwin
[debug] [2024-06-24T19:17:39.904Z] Node Version:  v22.1.0
[debug] [2024-06-24T19:17:39.904Z] Time:          Mon Jun 24 2024 15:17:39 GMT-0400 (hora de Venezuela)
[debug] [2024-06-24T19:17:39.905Z] ----------------------------------------------------------------------
[debug] 
[debug] [2024-06-24T19:17:39.993Z] > command requires scopes: ["email","openid","https://www.googleapis.com/auth/cloudplatformprojects.readonly","https://www.googleapis.com/auth/firebase","https://www.googleapis.com/auth/cloud-platform"]
[debug] [2024-06-24T19:17:39.993Z] > authorizing via signed-in user (vsaldivia@correo.unimet.edu.ve)
[info] 
     ######## #### ########  ######## ########     ###     ######  ########
     ##        ##  ##     ## ##       ##     ##  ##   ##  ##       ##
     ######    ##  ########  ######   ########  #########  ######  ######
     ##        ##  ##    ##  ##       ##     ## ##     ##       ## ##
     ##       #### ##     ## ######## ########  ##     ##  ######  ########

You're about to initialize a Firebase project in this directory:

  /Users/vickysaldivia/Documents/GitHub/Proyecto-Sistemas-De-Informacion/ProyectoSistemasDeInfo

Before we get started, keep in mind:

  * You are initializing within an existing Firebase project directory

[info] 
=== Project Setup
[info] 
[info] First, let's associate this project directory with a Firebase project.
[info] You can create multiple project aliases by running firebase use --add, 
[info] but for now we'll just set up a default project.
[info] 
[debug] [2024-06-24T19:18:36.195Z] Using project from CLI flag: proyecto-sistemas-inform-a0a37
[debug] [2024-06-24T19:18:36.199Z] >>> [apiv2][query] GET https://firebase.googleapis.com/v1beta1/projects/proyecto-sistemas-inform-a0a37 [none]
[debug] [2024-06-24T19:18:37.078Z] <<< [apiv2][status] GET https://firebase.googleapis.com/v1beta1/projects/proyecto-sistemas-inform-a0a37 200
[debug] [2024-06-24T19:18:37.078Z] <<< [apiv2][body] GET https://firebase.googleapis.com/v1beta1/projects/proyecto-sistemas-inform-a0a37 {"projectId":"proyecto-sistemas-inform-a0a37","projectNumber":"436388119145","displayName":"Proyecto-Sistemas-Informacion","name":"projects/proyecto-sistemas-inform-a0a37","resources":{"hostingSite":"proyecto-sistemas-inform-a0a37","storageBucket":"proyecto-sistemas-inform-a0a37.appspot.com","locationId":"us-central"},"state":"ACTIVE","etag":"1_1c6396c7-18fb-42c2-a54f-0d293d0ef889"}
[info] i  Using project proyecto-sistemas-inform-a0a37 (Proyecto-Sistemas-Informacion) 
[info] 
=== Firestore Setup
[debug] [2024-06-24T19:18:37.086Z] >>> [apiv2][query] GET https://serviceusage.googleapis.com/v1/projects/proyecto-sistemas-inform-a0a37/services/firestore.googleapis.com [none]
[debug] [2024-06-24T19:18:37.086Z] >>> [apiv2][(partial)header] GET https://serviceusage.googleapis.com/v1/projects/proyecto-sistemas-inform-a0a37/services/firestore.googleapis.com x-goog-quota-user=projects/proyecto-sistemas-inform-a0a37
[debug] [2024-06-24T19:18:37.991Z] <<< [apiv2][status] GET https://serviceusage.googleapis.com/v1/projects/proyecto-sistemas-inform-a0a37/services/firestore.googleapis.com 200
[debug] [2024-06-24T19:18:37.991Z] <<< [apiv2][body] GET https://serviceusage.googleapis.com/v1/projects/proyecto-sistemas-inform-a0a37/services/firestore.googleapis.com [omitted]
[debug] [2024-06-24T19:18:37.991Z] >>> [apiv2][query] GET https://firestore.googleapis.com/v1/projects/proyecto-sistemas-inform-a0a37/databases/(default) [none]
[debug] [2024-06-24T19:18:38.844Z] <<< [apiv2][status] GET https://firestore.googleapis.com/v1/projects/proyecto-sistemas-inform-a0a37/databases/(default) 200
[debug] [2024-06-24T19:18:38.845Z] <<< [apiv2][body] GET https://firestore.googleapis.com/v1/projects/proyecto-sistemas-inform-a0a37/databases/(default) {"name":"projects/proyecto-sistemas-inform-a0a37/databases/(default)","uid":"c9c25b57-41a7-4eef-a48c-5c9c05f4ec57","createTime":"2024-06-23T19:25:59.338614Z","updateTime":"2024-06-23T19:25:59.338614Z","locationId":"nam5","type":"FIRESTORE_NATIVE","concurrencyMode":"PESSIMISTIC","versionRetentionPeriod":"3600s","earliestVersionTime":"2024-06-24T18:18:38.653842Z","appEngineIntegrationMode":"DISABLED","keyPrefix":"s","pointInTimeRecoveryEnablement":"POINT_IN_TIME_RECOVERY_DISABLED","deleteProtectionState":"DELETE_PROTECTION_DISABLED","etag":"IL7u+K/69IYDMPT5pf668oYD"}
[debug] [2024-06-24T19:18:38.845Z] database_type: FIRESTORE_NATIVE
[debug] [2024-06-24T19:18:38.845Z] > command requires scopes: ["email","openid","https://www.googleapis.com/auth/cloudplatformprojects.readonly","https://www.googleapis.com/auth/firebase","https://www.googleapis.com/auth/cloud-platform"]
[debug] [2024-06-24T19:18:38.846Z] > authorizing via signed-in user (vsaldivia@correo.unimet.edu.ve)
[debug] [2024-06-24T19:18:38.846Z] [iam] checking project proyecto-sistemas-inform-a0a37 for permissions ["firebase.projects.get"]
[debug] [2024-06-24T19:18:38.846Z] >>> [apiv2][query] POST https://cloudresourcemanager.googleapis.com/v1/projects/proyecto-sistemas-inform-a0a37:testIamPermissions [none]
[debug] [2024-06-24T19:18:38.846Z] >>> [apiv2][(partial)header] POST https://cloudresourcemanager.googleapis.com/v1/projects/proyecto-sistemas-inform-a0a37:testIamPermissions x-goog-quota-user=projects/proyecto-sistemas-inform-a0a37
[debug] [2024-06-24T19:18:38.846Z] >>> [apiv2][body] POST https://cloudresourcemanager.googleapis.com/v1/projects/proyecto-sistemas-inform-a0a37:testIamPermissions {"permissions":["firebase.projects.get"]}
[debug] [2024-06-24T19:18:39.332Z] <<< [apiv2][status] POST https://cloudresourcemanager.googleapis.com/v1/projects/proyecto-sistemas-inform-a0a37:testIamPermissions 200
[debug] [2024-06-24T19:18:39.332Z] <<< [apiv2][body] POST https://cloudresourcemanager.googleapis.com/v1/projects/proyecto-sistemas-inform-a0a37:testIamPermissions {"permissions":["firebase.projects.get"]}
[info] 
[info] Firestore Security Rules allow you to define how and when to allow
[info] requests. You can keep these rules in your project directory
[info] and publish them with firebase deploy.
[info] 
